<?xml version="1.0" encoding="UTF-8"?>
<robot generator="Robot 7.0 (Python 3.12.2 on win32)" generated="2024-05-13T14:42:28.425223" rpa="false" schemaversion="5">
<suite id="s1" name="Tests" source="C:\Robot_api\Supernatural\Board-New\tests">
<suite id="s1-s1" name="Deixar dir em branco" source="C:\Robot_api\Supernatural\Board-New\tests\Deixar dir em branco.robot">
<test id="s1-s1-t1" name="Cenário 8: Deixar campo nome diretoria em branco e Salvar" line="6">
<kw name="Abrir navegador e acessar site" owner="frontend">
<kw name="Open Browser" owner="SeleniumLibrary">
<msg time="2024-05-13T14:42:29.083222" level="INFO">Opening browser 'Chrome' to base url 'https://automacao.qacoders-academy.com.br/login'.</msg>
<msg time="2024-05-13T14:42:30.512274" level="WARN">The chromedriver version (123.0.6312.105) detected in PATH at C:\Users\Leo sz Tata\AppData\Local\Programs\Python\Python312\Scripts\chromedriver.exe might not be compatible with the detected chrome version (124.0.6367.201); currently, chromedriver 124.0.6367.201 is recommended for chrome 124.*, so it is advised to delete the driver in PATH and retry</msg>
<arg>https://automacao.qacoders-academy.com.br/login</arg>
<arg>Chrome</arg>
<doc>Opens a new browser instance to the optional ``url``.</doc>
<status status="PASS" start="2024-05-13T14:42:29.082222" elapsed="4.058888"/>
</kw>
<kw name="Maximize Browser Window" owner="SeleniumLibrary">
<doc>Maximizes current browser window.</doc>
<status status="PASS" start="2024-05-13T14:42:33.142110" elapsed="0.194001"/>
</kw>
<status status="PASS" start="2024-05-13T14:42:29.081222" elapsed="4.254889"/>
</kw>
<kw name="Fazer login" owner="frontend">
<kw name="Input Text" owner="SeleniumLibrary">
<msg time="2024-05-13T14:42:33.338111" level="INFO">Typing text 'sysadmin@qacoders.com' into text field 'id=email'.</msg>
<arg>id=email</arg>
<arg>${EMAIL}</arg>
<doc>Types the given ``text`` into the text field identified by ``locator``.</doc>
<status status="PASS" start="2024-05-13T14:42:33.338111" elapsed="0.214034"/>
</kw>
<kw name="Input Text" owner="SeleniumLibrary">
<msg time="2024-05-13T14:42:33.553147" level="INFO">Typing text '1234@Test' into text field 'id=password'.</msg>
<arg>id=password</arg>
<arg>${PASSWORD}</arg>
<doc>Types the given ``text`` into the text field identified by ``locator``.</doc>
<status status="PASS" start="2024-05-13T14:42:33.553147" elapsed="0.207998"/>
</kw>
<kw name="Click Button" owner="SeleniumLibrary">
<msg time="2024-05-13T14:42:33.762146" level="INFO">Clicking button 'id=login'.</msg>
<arg>id=login</arg>
<doc>Clicks the button identified by ``locator``.</doc>
<status status="PASS" start="2024-05-13T14:42:33.762146" elapsed="0.073000"/>
</kw>
<status status="PASS" start="2024-05-13T14:42:33.337112" elapsed="0.498034"/>
</kw>
<kw name="Deixar campo nome diretoria em branco e Salvar" owner="frontend">
<kw name="Wait Until Element Is Visible" owner="SeleniumLibrary">
<arg>id=Cadastros</arg>
<arg>timeout=10s</arg>
<doc>Waits until the element ``locator`` is visible.</doc>
<status status="PASS" start="2024-05-13T14:42:33.836146" elapsed="0.498096"/>
</kw>
<kw name="Click Element" owner="SeleniumLibrary">
<msg time="2024-05-13T14:42:34.334242" level="INFO">Clicking element 'id=Cadastros'.</msg>
<arg>id=Cadastros</arg>
<doc>Click the element identified by ``locator``.</doc>
<status status="PASS" start="2024-05-13T14:42:34.334242" elapsed="0.047994"/>
</kw>
<kw name="Wait Until Element Is Visible" owner="SeleniumLibrary">
<arg>//span[contains(.,'Diretorias')]</arg>
<arg>timeout=10s</arg>
<doc>Waits until the element ``locator`` is visible.</doc>
<status status="PASS" start="2024-05-13T14:42:34.382236" elapsed="0.027000"/>
</kw>
<kw name="Click Element" owner="SeleniumLibrary">
<msg time="2024-05-13T14:42:34.410237" level="INFO">Clicking element 'xpath=//span[contains(.,'Diretorias')]'.</msg>
<arg>xpath=//span[contains(.,'Diretorias')]</arg>
<doc>Click the element identified by ``locator``.</doc>
<status status="PASS" start="2024-05-13T14:42:34.410237" elapsed="0.057997"/>
</kw>
<kw name="Wait Until Element Is Visible" owner="SeleniumLibrary">
<arg>//button[contains(@id,'Novo Cadastro')]</arg>
<doc>Waits until the element ``locator`` is visible.</doc>
<status status="PASS" start="2024-05-13T14:42:34.468234" elapsed="0.052000"/>
</kw>
<kw name="Click Button" owner="SeleniumLibrary">
<msg time="2024-05-13T14:42:34.520234" level="INFO">Clicking button 'id=Novo Cadastro'.</msg>
<arg>id=Novo Cadastro</arg>
<doc>Clicks the button identified by ``locator``.</doc>
<status status="PASS" start="2024-05-13T14:42:34.520234" elapsed="0.073002"/>
</kw>
<kw name="Wait Until Element Is Visible" owner="SeleniumLibrary">
<arg>//input[@id='boardName']</arg>
<doc>Waits until the element ``locator`` is visible.</doc>
<status status="PASS" start="2024-05-13T14:42:34.593236" elapsed="0.019998"/>
</kw>
<kw name="Input Text" owner="SeleniumLibrary">
<msg time="2024-05-13T14:42:34.614235" level="INFO">Typing text '' into text field 'id=boardName'.</msg>
<arg>id=boardName</arg>
<arg>${EMPTY}</arg>
<doc>Types the given ``text`` into the text field identified by ``locator``.</doc>
<status status="PASS" start="2024-05-13T14:42:34.613234" elapsed="0.100000"/>
</kw>
<kw name="Click Button" owner="SeleniumLibrary">
<msg time="2024-05-13T14:42:34.714235" level="INFO">Clicking button 'id=save'.</msg>
<arg>id=save</arg>
<doc>Clicks the button identified by ``locator``.</doc>
<status status="PASS" start="2024-05-13T14:42:34.714235" elapsed="0.069999"/>
</kw>
<kw name="Wait Until Page Contains Element" owner="SeleniumLibrary">
<arg>xpath=//*[contains(text(), '${AVISO3_MESSAGE}')]</arg>
<arg>timeout=10s</arg>
<doc>Waits until the element ``locator`` appears on the current page.</doc>
<status status="PASS" start="2024-05-13T14:42:34.785235" elapsed="0.016000"/>
</kw>
<kw name="Page Should Contain Element" owner="SeleniumLibrary">
<msg time="2024-05-13T14:42:34.810235" level="INFO">Current page contains element 'xpath=//*[contains(text(), 'O campo diretoria é obrigatório')]'.</msg>
<arg>xpath=//*[contains(text(), '${AVISO3_MESSAGE}')]</arg>
<doc>Verifies that element ``locator`` is found on the current page.</doc>
<status status="PASS" start="2024-05-13T14:42:34.801235" elapsed="0.009000"/>
</kw>
<kw name="Close Browser" owner="SeleniumLibrary">
<doc>Closes the current browser.</doc>
<status status="PASS" start="2024-05-13T14:42:34.810235" elapsed="2.334543"/>
</kw>
<status status="PASS" start="2024-05-13T14:42:33.836146" elapsed="3.308632"/>
</kw>
<status status="PASS" start="2024-05-13T14:42:29.080221" elapsed="8.065514"/>
</test>
<status status="PASS" start="2024-05-13T14:42:28.457222" elapsed="8.689511"/>
</suite>
<suite id="s1-s2" name="Incluir dir com 51 caracteres e salvar" source="C:\Robot_api\Supernatural\Board-New\tests\Incluir dir com 51 caracteres e salvar.robot">
<test id="s1-s2-t1" name="Cenário 4: Incluir nova Diretoria como nome contendo 51 caracteres e Salvar" line="6">
<kw name="Abrir navegador e acessar site" owner="frontend">
<kw name="Open Browser" owner="SeleniumLibrary">
<msg time="2024-05-13T14:42:37.159736" level="INFO">Opening browser 'Chrome' to base url 'https://automacao.qacoders-academy.com.br/login'.</msg>
<msg time="2024-05-13T14:42:38.174735" level="WARN">The chromedriver version (123.0.6312.105) detected in PATH at C:\Users\Leo sz Tata\AppData\Local\Programs\Python\Python312\Scripts\chromedriver.exe might not be compatible with the detected chrome version (124.0.6367.201); currently, chromedriver 124.0.6367.201 is recommended for chrome 124.*, so it is advised to delete the driver in PATH and retry</msg>
<arg>https://automacao.qacoders-academy.com.br/login</arg>
<arg>Chrome</arg>
<doc>Opens a new browser instance to the optional ``url``.</doc>
<status status="PASS" start="2024-05-13T14:42:37.159736" elapsed="2.843347"/>
</kw>
<kw name="Maximize Browser Window" owner="SeleniumLibrary">
<doc>Maximizes current browser window.</doc>
<status status="PASS" start="2024-05-13T14:42:40.003083" elapsed="0.119999"/>
</kw>
<status status="PASS" start="2024-05-13T14:42:37.159736" elapsed="2.964347"/>
</kw>
<kw name="Fazer login" owner="frontend">
<kw name="Input Text" owner="SeleniumLibrary">
<msg time="2024-05-13T14:42:40.125084" level="INFO">Typing text 'sysadmin@qacoders.com' into text field 'id=email'.</msg>
<arg>id=email</arg>
<arg>${EMAIL}</arg>
<doc>Types the given ``text`` into the text field identified by ``locator``.</doc>
<status status="PASS" start="2024-05-13T14:42:40.124083" elapsed="0.169003"/>
</kw>
<kw name="Input Text" owner="SeleniumLibrary">
<msg time="2024-05-13T14:42:40.293086" level="INFO">Typing text '1234@Test' into text field 'id=password'.</msg>
<arg>id=password</arg>
<arg>${PASSWORD}</arg>
<doc>Types the given ``text`` into the text field identified by ``locator``.</doc>
<status status="PASS" start="2024-05-13T14:42:40.293086" elapsed="0.091999"/>
</kw>
<kw name="Click Button" owner="SeleniumLibrary">
<msg time="2024-05-13T14:42:40.385085" level="INFO">Clicking button 'id=login'.</msg>
<arg>id=login</arg>
<doc>Clicks the button identified by ``locator``.</doc>
<status status="PASS" start="2024-05-13T14:42:40.385085" elapsed="0.068998"/>
</kw>
<status status="PASS" start="2024-05-13T14:42:40.124083" elapsed="0.330000"/>
</kw>
<kw name="Incluir nova Diretoria com nome contendo 51 caracteres e Salvar" owner="frontend">
<kw name="Wait Until Element Is Visible" owner="SeleniumLibrary">
<arg>id=Cadastros</arg>
<arg>timeout=10s</arg>
<doc>Waits until the element ``locator`` is visible.</doc>
<status status="PASS" start="2024-05-13T14:42:40.454083" elapsed="3.424143"/>
</kw>
<kw name="Click Element" owner="SeleniumLibrary">
<msg time="2024-05-13T14:42:43.879221" level="INFO">Clicking element 'id=Cadastros'.</msg>
<arg>id=Cadastros</arg>
<doc>Click the element identified by ``locator``.</doc>
<status status="PASS" start="2024-05-13T14:42:43.879221" elapsed="0.050998"/>
</kw>
<kw name="Wait Until Element Is Visible" owner="SeleniumLibrary">
<arg>//span[contains(.,'Diretorias')]</arg>
<arg>timeout=10s</arg>
<doc>Waits until the element ``locator`` is visible.</doc>
<status status="PASS" start="2024-05-13T14:42:43.930219" elapsed="0.024000"/>
</kw>
<kw name="Click Element" owner="SeleniumLibrary">
<msg time="2024-05-13T14:42:43.954219" level="INFO">Clicking element 'xpath=//span[contains(.,'Diretorias')]'.</msg>
<arg>xpath=//span[contains(.,'Diretorias')]</arg>
<doc>Click the element identified by ``locator``.</doc>
<status status="PASS" start="2024-05-13T14:42:43.954219" elapsed="0.057002"/>
</kw>
<kw name="Wait Until Element Is Visible" owner="SeleniumLibrary">
<arg>//button[contains(@id,'Novo Cadastro')]</arg>
<doc>Waits until the element ``locator`` is visible.</doc>
<status status="PASS" start="2024-05-13T14:42:44.011221" elapsed="0.045997"/>
</kw>
<kw name="Click Button" owner="SeleniumLibrary">
<msg time="2024-05-13T14:42:44.057218" level="INFO">Clicking button 'id=Novo Cadastro'.</msg>
<arg>id=Novo Cadastro</arg>
<doc>Clicks the button identified by ``locator``.</doc>
<status status="PASS" start="2024-05-13T14:42:44.057218" elapsed="0.064001"/>
</kw>
<kw name="Wait Until Element Is Visible" owner="SeleniumLibrary">
<arg>//input[@id='boardName']</arg>
<doc>Waits until the element ``locator`` is visible.</doc>
<status status="PASS" start="2024-05-13T14:42:44.121219" elapsed="0.023001"/>
</kw>
<kw name="Input Text" owner="SeleniumLibrary">
<msg time="2024-05-13T14:42:44.144220" level="INFO">Typing text 'ErapraserumGenerateRandomString51mkjnhbgvfcjuhygtfr' into text field 'id=boardName'.</msg>
<arg>id=boardName</arg>
<arg>${Diretoria51}</arg>
<doc>Types the given ``text`` into the text field identified by ``locator``.</doc>
<status status="PASS" start="2024-05-13T14:42:44.144220" elapsed="0.164782"/>
</kw>
<kw name="Click Button" owner="SeleniumLibrary">
<msg time="2024-05-13T14:42:44.309002" level="INFO">Clicking button 'id=save'.</msg>
<arg>id=save</arg>
<doc>Clicks the button identified by ``locator``.</doc>
<status status="PASS" start="2024-05-13T14:42:44.309002" elapsed="0.098515"/>
</kw>
<kw name="Wait Until Page Contains Element" owner="SeleniumLibrary">
<arg>xpath=//*[contains(text(), '${AVISO2_MESSAGE}')]</arg>
<arg>timeout=10s</arg>
<doc>Waits until the element ``locator`` appears on the current page.</doc>
<status status="PASS" start="2024-05-13T14:42:44.408518" elapsed="0.012000"/>
</kw>
<kw name="Page Should Contain Element" owner="SeleniumLibrary">
<msg time="2024-05-13T14:42:44.427517" level="INFO">Current page contains element 'xpath=//*[contains(text(), 'O campo diretoria pode ter no máximo 50 caracteres')]'.</msg>
<arg>xpath=//*[contains(text(), '${AVISO2_MESSAGE}')]</arg>
<doc>Verifies that element ``locator`` is found on the current page.</doc>
<status status="PASS" start="2024-05-13T14:42:44.420518" elapsed="0.006999"/>
</kw>
<kw name="Close Browser" owner="SeleniumLibrary">
<doc>Closes the current browser.</doc>
<status status="PASS" start="2024-05-13T14:42:44.427517" elapsed="2.210636"/>
</kw>
<status status="PASS" start="2024-05-13T14:42:40.454083" elapsed="6.184070"/>
</kw>
<status status="PASS" start="2024-05-13T14:42:37.158736" elapsed="9.480418"/>
</test>
<status status="PASS" start="2024-05-13T14:42:37.148736" elapsed="9.491417"/>
</suite>
<status status="PASS" start="2024-05-13T14:42:28.427222" elapsed="18.213931"/>
</suite>
<statistics>
<total>
<stat pass="2" fail="0" skip="0">All Tests</stat>
</total>
<tag>
</tag>
<suite>
<stat pass="2" fail="0" skip="0" id="s1" name="Tests">Tests</stat>
<stat pass="1" fail="0" skip="0" id="s1-s1" name="Deixar dir em branco">Tests.Deixar dir em branco</stat>
<stat pass="1" fail="0" skip="0" id="s1-s2" name="Incluir dir com 51 caracteres e salvar">Tests.Incluir dir com 51 caracteres e salvar</stat>
</suite>
</statistics>
<errors>
<msg time="2024-05-13T14:42:30.512274" level="WARN">The chromedriver version (123.0.6312.105) detected in PATH at C:\Users\Leo sz Tata\AppData\Local\Programs\Python\Python312\Scripts\chromedriver.exe might not be compatible with the detected chrome version (124.0.6367.201); currently, chromedriver 124.0.6367.201 is recommended for chrome 124.*, so it is advised to delete the driver in PATH and retry</msg>
<msg time="2024-05-13T14:42:38.174735" level="WARN">The chromedriver version (123.0.6312.105) detected in PATH at C:\Users\Leo sz Tata\AppData\Local\Programs\Python\Python312\Scripts\chromedriver.exe might not be compatible with the detected chrome version (124.0.6367.201); currently, chromedriver 124.0.6367.201 is recommended for chrome 124.*, so it is advised to delete the driver in PATH and retry</msg>
</errors>
</robot>
